<?xml version="1.0" encoding="UTF-8"?>
<testsuite xmlns:xsi="http://www.w3.org/2001/XMLSchema-instance" xsi:noNamespaceSchemaLocation="https://maven.apache.org/surefire/maven-surefire-plugin/xsd/surefire-test-report-3.0.xsd" version="3.0" name="TestSuite" time="113.048" tests="3" errors="0" skipped="0" failures="1">
  <properties>
[...]
</properties>
  <testcase name="verify_login" classname="test.Verify_Login_Scenarios" time="0.004">
    <system-out><![CDATA[Desired capability for Android: 
{appPackage=com.kolonizer.sales, appActivity=com.kolonizer.sales.MainActivity, noReset=false, setAutoGrantPermissions=false, platformVersion=15, platformName=Android, deviceName=emulator-5554, fullReset=false, setNewCommandTimeout=120}
:-------------------------------------------------------------------------------------------------------:
Android App Launched!
Waiting for element: Notification button  for [3 sec] | Found in [1422 ms]
Clicked on: Notification button 
:-------------------------------------------------------------------------------------------------------:
Waiting for element: Skip button  for [15 sec] | Found in [1200 ms]
Clicked on: Skip button 
:-------------------------------------------------------------------------------------------------------:
Waiting for element: Continue to login button  for [15 sec] | Found in [679 ms]
Clicked on: Continue to login button 
:-------------------------------------------------------------------------------------------------------:
Waiting for element: email tab  for [15 sec] | Found in [73 ms]
Sent keys to: email tab 
:-------------------------------------------------------------------------------------------------------:
Waiting for element: Password tab  for [15 sec] | Found in [617 ms]
Sent keys to: Password tab 
:-------------------------------------------------------------------------------------------------------:
Waiting for element: Login button  for [15 sec] | Found in [594 ms]
Clicked on: Login button 
:-------------------------------------------------------------------------------------------------------:
Waiting for element: Close pop up icon button  for [5 sec] | Element not found within timeout
Not displayed, skipping: Close pop up icon button 
:-------------------------------------------------------------------------------------------------------:
Waiting for element:  for [10 sec] | Found in [88 ms]
Waiting for element:  for [10 sec] | Found in [81 ms]
Scroll by coordiante: From[1257,814] --> To[348,814]
]]></system-out>
    <system-err><![CDATA[SLF4J: Failed to load class "org.slf4j.impl.StaticLoggerBinder".
SLF4J: Defaulting to no-operation (NOP) logger implementation
SLF4J: See http://www.slf4j.org/codes.html#StaticLoggerBinder for further details.
ERROR StatusLogger Log4j2 could not find a logging implementation. Please add log4j-core to the classpath. Using SimpleLogger to log to the console...
]]></system-err>
  </testcase>
  <testcase name="verify_logout" classname="test.Verify_Login_Scenarios" time="3.587">
    <system-out><![CDATA[Waiting for element: Profile dashboard menu list icon button  for [15 sec] | Found in [1261 ms]
Clicked on: Profile dashboard menu list icon button 
:-------------------------------------------------------------------------------------------------------:
Waiting for element: logout profile menu list icon button  for [15 sec] | Found in [74 ms]
Clicked on: logout profile menu list icon button 
:-------------------------------------------------------------------------------------------------------:
Waiting for element: Confirm warning pop up button  for [15 sec] | Found in [67 ms]
Clicked on: Confirm warning pop up button 
:-------------------------------------------------------------------------------------------------------:
]]></system-out>
  </testcase>
  <testcase name="verify_collection_dashboard_scenarioss" classname="test.Verify_Collaction_Dashboard_Scenarios" time="49.927">
    <failure message="Customer names are not in alphabetical order: Lists differ at element [0]: Abdul Rahman != Milind pagare expected [Abdul Rahman] but found [Milind pagare]" type="java.lang.AssertionError"><![CDATA[java.lang.AssertionError: Customer names are not in alphabetical order: Lists differ at element [0]: Abdul Rahman != Milind pagare expected [Abdul Rahman] but found [Milind pagare]
	at org.testng.Assert.fail(Assert.java:110)
	at org.testng.Assert.failNotEquals(Assert.java:1577)
	at org.testng.Assert.assertEqualsImpl(Assert.java:149)
	at org.testng.Assert.assertEquals(Assert.java:1643)
	at pom.CollectionDashboard.handle_customer_name_dropdown_list(CollectionDashboard.java:87)
	at test.Verify_Collaction_Dashboard_Scenarios.verify_collection_dashboard_scenarioss(Verify_Collaction_Dashboard_Scenarios.java:11)
	at java.base/jdk.internal.reflect.NativeMethodAccessorImpl.invoke0(Native Method)
	at java.base/jdk.internal.reflect.NativeMethodAccessorImpl.invoke(NativeMethodAccessorImpl.java:77)
	at java.base/jdk.internal.reflect.DelegatingMethodAccessorImpl.invoke(DelegatingMethodAccessorImpl.java:43)
	at java.base/java.lang.reflect.Method.invoke(Method.java:568)
	at org.testng.internal.invokers.MethodInvocationHelper.invokeMethod(MethodInvocationHelper.java:139)
	at org.testng.internal.invokers.TestInvoker.invokeMethod(TestInvoker.java:677)
	at org.testng.internal.invokers.TestInvoker.invokeTestMethod(TestInvoker.java:221)
	at org.testng.internal.invokers.MethodRunner.runInSequence(MethodRunner.java:50)
	at org.testng.internal.invokers.TestInvoker$MethodInvocationAgent.invoke(TestInvoker.java:969)
	at org.testng.internal.invokers.TestInvoker.invokeTestMethods(TestInvoker.java:194)
	at org.testng.internal.invokers.TestMethodWorker.invokeTestMethods(TestMethodWorker.java:148)
	at org.testng.internal.invokers.TestMethodWorker.run(TestMethodWorker.java:128)
	at java.base/java.util.ArrayList.forEach(ArrayList.java:1511)
	at org.testng.TestRunner.privateRun(TestRunner.java:829)
	at org.testng.TestRunner.run(TestRunner.java:602)
	at org.testng.SuiteRunner.runTest(SuiteRunner.java:437)
	at org.testng.SuiteRunner.runSequentially(SuiteRunner.java:431)
	at org.testng.SuiteRunner.privateRun(SuiteRunner.java:391)
	at org.testng.SuiteRunner.run(SuiteRunner.java:330)
	at org.testng.SuiteRunnerWorker.runSuite(SuiteRunnerWorker.java:52)
	at org.testng.SuiteRunnerWorker.run(SuiteRunnerWorker.java:95)
	at org.testng.TestNG.runSuitesSequentially(TestNG.java:1256)
	at org.testng.TestNG.runSuitesLocally(TestNG.java:1176)
	at org.testng.TestNG.runSuites(TestNG.java:1099)
	at org.testng.TestNG.run(TestNG.java:1067)
	at org.apache.maven.surefire.testng.TestNGExecutor.run(TestNGExecutor.java:308)
	at org.apache.maven.surefire.testng.TestNGXmlTestSuite.execute(TestNGXmlTestSuite.java:71)
	at org.apache.maven.surefire.testng.TestNGProvider.invoke(TestNGProvider.java:113)
	at org.apache.maven.surefire.booter.ForkedBooter.runSuitesInProcess(ForkedBooter.java:385)
	at org.apache.maven.surefire.booter.ForkedBooter.execute(ForkedBooter.java:162)
	at org.apache.maven.surefire.booter.ForkedBooter.run(ForkedBooter.java:507)
	at org.apache.maven.surefire.booter.ForkedBooter.main(ForkedBooter.java:495)
]]></failure>
    <system-out><![CDATA[Quit driver successfully
Desired capability for Android: 
{appPackage=com.kolonizer.sales, appActivity=com.kolonizer.sales.MainActivity, noReset=false, setAutoGrantPermissions=false, platformVersion=15, platformName=Android, deviceName=emulator-5554, fullReset=false, setNewCommandTimeout=120}
:-------------------------------------------------------------------------------------------------------:
Android App Launched!
Waiting for element: Notification button  for [3 sec] | Found in [1554 ms]
Clicked on: Notification button 
:-------------------------------------------------------------------------------------------------------:
Waiting for element: Skip button  for [15 sec] | Found in [594 ms]
Clicked on: Skip button 
:-------------------------------------------------------------------------------------------------------:
Waiting for element: Continue to login button  for [15 sec] | Found in [78 ms]
Clicked on: Continue to login button 
:-------------------------------------------------------------------------------------------------------:
Waiting for element: email tab  for [15 sec] | Found in [76 ms]
Sent keys to: email tab 
:-------------------------------------------------------------------------------------------------------:
Waiting for element: Password tab  for [15 sec] | Found in [595 ms]
Sent keys to: Password tab 
:-------------------------------------------------------------------------------------------------------:
Waiting for element: Login button  for [15 sec] | Found in [616 ms]
Clicked on: Login button 
:-------------------------------------------------------------------------------------------------------:
Waiting for element: Close pop up icon button  for [5 sec] | Element not found within timeout
Not displayed, skipping: Close pop up icon button 
:-------------------------------------------------------------------------------------------------------:
Waiting for element:  for [10 sec] | Found in [85 ms]
Waiting for element:  for [10 sec] | Found in [87 ms]
Scroll by coordiante: From[1257,814] --> To[348,814]
Waiting for element: Receivable [Finance] button is  for [15 sec] | Found in [758 ms]
Clicked on: Receivable [Finance] button is 
:-------------------------------------------------------------------------------------------------------:
Waiting for element: Overdue [Receivable] button is  for [15 sec] | Found in [77 ms]
Clicked on: Overdue [Receivable] button is 
:-------------------------------------------------------------------------------------------------------:
Waiting for element: Filter icon button is  for [15 sec] | Found in [258 ms]
Clicked on: Filter icon button is 
:-------------------------------------------------------------------------------------------------------:
Waiting for element: Customer Name Filter menu list is  for [15 sec] | Found in [70 ms]
Clicked on: Customer Name Filter menu list is 
:-------------------------------------------------------------------------------------------------------:
Waiting for element: Customer Name dropdown is  for [15 sec] | Found in [75 ms]
Clicked on: Customer Name dropdown is 
:-------------------------------------------------------------------------------------------------------:
Initial dropdown list size: 7
Last Processed:  | Current Processed: Milind pagare
Waiting for element:  for [10 sec] | Found in [17 ms]
Waiting for element:  for [10 sec] | Found in [18 ms]
Scroll by coordiante: From[720,1669] --> To[720,1081]
===============================================================================
Last Processed: Milind pagare | Current Processed: sachin test1
Waiting for element:  for [10 sec] | Found in [21 ms]
Waiting for element:  for [10 sec] | Found in [16 ms]
Scroll by coordiante: From[720,1705] --> To[720,1001]
===============================================================================
Last Processed: sachin test1 | Current Processed: vsbs sbsb
Waiting for element:  for [10 sec] | Found in [18 ms]
Waiting for element:  for [10 sec] | Found in [20 ms]
Scroll by coordiante: From[720,1574] --> To[720,1033]
===============================================================================
Last Processed: vsbs sbsb | Current Processed: Deepak abaXOlX
Waiting for element:  for [10 sec] | Found in [20 ms]
Waiting for element:  for [10 sec] | Found in [17 ms]
Scroll by coordiante: From[720,1654] --> To[720,1073]
===============================================================================
Last Processed: Deepak abaXOlX | Current Processed: Deepak abcvEia
Waiting for element:  for [10 sec] | Found in [17 ms]
Waiting for element:  for [10 sec] | Found in [18 ms]
Scroll by coordiante: From[720,1696] --> To[720,996]
===============================================================================
Last Processed: Deepak abcvEia | Current Processed: Deepak abNPdEd
Waiting for element:  for [10 sec] | Found in [32 ms]
Waiting for element:  for [10 sec] | Found in [32 ms]
Scroll by coordiante: From[720,1569] --> To[720,1031]
===============================================================================
Last Processed: Deepak abNPdEd | Current Processed: Deepak abyAcFX
Waiting for element:  for [10 sec] | Found in [37 ms]
Waiting for element:  for [10 sec] | Found in [43 ms]
Scroll by coordiante: From[720,1652] --> To[720,1072]
===============================================================================
Last Processed: Deepak abyAcFX | Current Processed: Vvv Van
Waiting for element:  for [10 sec] | Found in [32 ms]
Waiting for element:  for [10 sec] | Found in [29 ms]
Scroll by coordiante: From[720,1710] --> To[720,1003]
===============================================================================
Last Processed: Vvv Van | Current Processed: Apirva Sen
Waiting for element:  for [10 sec] | Found in [18 ms]
Waiting for element:  for [10 sec] | Found in [14 ms]
Scroll by coordiante: From[720,1620] --> To[720,1056]
===============================================================================
Last Processed: Apirva Sen | Current Processed: Mahi A
Waiting for element:  for [10 sec] | Found in [16 ms]
Waiting for element:  for [10 sec] | Found in [22 ms]
Scroll by coordiante: From[720,1678] --> To[720,987]
===============================================================================
Last Processed: Mahi A | Current Processed: Jivan ebe
Waiting for element:  for [10 sec] | Found in [17 ms]
Waiting for element:  for [10 sec] | Found in [15 ms]
Scroll by coordiante: From[720,1558] --> To[720,1025]
===============================================================================
Last Processed: Jivan ebe | Current Processed: Xyz Cistkjsd
Waiting for element:  for [10 sec] | Found in [15 ms]
Waiting for element:  for [10 sec] | Found in [17 ms]
Scroll by coordiante: From[720,1646] --> To[720,1069]
===============================================================================
Last Processed: Xyz Cistkjsd | Current Processed: raj ahaj
Waiting for element:  for [10 sec] | Found in [16 ms]
Waiting for element:  for [10 sec] | Found in [15 ms]
Scroll by coordiante: From[720,1692] --> To[720,994]
===============================================================================
Last Processed: raj ahaj | Current Processed: naru kolo
Waiting for element:  for [10 sec] | Found in [20 ms]
Waiting for element:  for [10 sec] | Found in [19 ms]
Scroll by coordiante: From[720,1567] --> To[720,1030]
===============================================================================
Last Processed: naru kolo | Current Processed: Kajal Prasad
Waiting for element:  for [10 sec] | Found in [22 ms]
Waiting for element:  for [10 sec] | Found in [18 ms]
Scroll by coordiante: From[720,1651] --> To[720,1072]
===============================================================================
Last Processed: Kajal Prasad | Current Processed: Vani Kulkarni
Waiting for element:  for [10 sec] | Found in [20 ms]
Waiting for element:  for [10 sec] | Found in [19 ms]
Scroll by coordiante: From[720,1695] --> To[720,996]
===============================================================================
Last Processed: Vani Kulkarni | Current Processed: Shivani Taneja
Waiting for element:  for [10 sec] | Found in [19 ms]
Waiting for element:  for [10 sec] | Found in [19 ms]
Scroll by coordiante: From[720,1566] --> To[720,1029]
===============================================================================
Last Processed: Shivani Taneja | Current Processed: Suman Mali
Waiting for element:  for [10 sec] | Found in [16 ms]
Waiting for element:  for [10 sec] | Found in [16 ms]
Scroll by coordiante: From[720,1650] --> To[720,1071]
===============================================================================
Last Processed: Suman Mali | Current Processed: Parth Thakur
Waiting for element:  for [10 sec] | Found in [21 ms]
Waiting for element:  for [10 sec] | Found in [18 ms]
Scroll by coordiante: From[720,1695] --> To[720,996]
===============================================================================
Last Processed: Parth Thakur | Current Processed: Vivek Chhabra
Waiting for element:  for [10 sec] | Found in [23 ms]
Waiting for element:  for [10 sec] | Found in [19 ms]
Scroll by coordiante: From[720,1568] --> To[720,1030]
===============================================================================
Last Processed: Vivek Chhabra | Current Processed: demo test
Waiting for element:  for [10 sec] | Found in [20 ms]
Waiting for element:  for [10 sec] | Found in [19 ms]
Scroll by coordiante: From[720,1651] --> To[720,1072]
===============================================================================
Last Processed: demo test | Current Processed: Mangesh Mohan
Waiting for element:  for [10 sec] | Found in [17 ms]
Waiting for element:  for [10 sec] | Found in [17 ms]
Scroll by coordiante: From[720,1519] --> To[720,1006]
===============================================================================
Last Processed: Mangesh Mohan | Current Processed: Mangesh Mohan
Extracted Customer Names: [Milind pagare, milind pgar, sachin test1, Shubham ch, Jones Cena, xczxc sdzsa, vsbs sbsb, gsgs svvsv, Deepak abaXOlX, Deepak abQzbWP, Deepak abcvEia, Deepak abfAQOl, Sachin Minde, Deepak abJfKQi, Deepak abNPdEd, Deepak abfnMXk, Deepak abEDQfa, Deepak abyAcFX, Deepak abWuSiB, Deepak ablEoWm, Dumy L, Vvv Van, customer dummy, mahir customer, narendra customer, Apirva Sen, Sdsa Dsad, Mahi A, Test Customer, gshhs dbdhh, Mr. Rahul Jain, Jivan ebe, Test one, Sarvesh sa, Xyz Cistkjsd, yug hjhj, raj ahaj, sneha khan, jitender sukla, narendra kolo, naru kolo, Abdul Rahman, Saif Siddiqui, Kajal Prasad, Sneha Bose, Vani Kulkarni, Seema Rajput, Shreya Iyengar, Sameer Narula, Shivani Taneja, Uma Bajaj, Dhruv Viswanathan, Suman Mali, Neeraj Pathak, Parth Thakur, Nisha Saxena, Pallavi Swaminathan, Madhur Nair, Vivek Chhabra, Preeti Thakur, Vikas Sen, demo test, rajesh Sharma, Mangesh Mohan, sachin chine, sdsa ssa, sadas sdsa, gsghs sbzbbs, gsghs sbbs, gshs zhhs]
Sorted Customer Names: [Abdul Rahman, Apirva Sen, Deepak abEDQfa, Deepak abJfKQi, Deepak abNPdEd, Deepak abQzbWP, Deepak abWuSiB, Deepak abaXOlX, Deepak abcvEia, Deepak abfAQOl, Deepak abfnMXk, Deepak ablEoWm, Deepak abyAcFX, Dhruv Viswanathan, Dumy L, Jivan ebe, Jones Cena, Kajal Prasad, Madhur Nair, Mahi A, Mangesh Mohan, Milind pagare, Mr. Rahul Jain, Neeraj Pathak, Nisha Saxena, Pallavi Swaminathan, Parth Thakur, Preeti Thakur, Sachin Minde, Saif Siddiqui, Sameer Narula, Sarvesh sa, Sdsa Dsad, Seema Rajput, Shivani Taneja, Shreya Iyengar, Shubham ch, Sneha Bose, Suman Mali, Test Customer, Test one, Uma Bajaj, Vani Kulkarni, Vikas Sen, Vivek Chhabra, Vvv Van, Xyz Cistkjsd, customer dummy, demo test, gsghs sbbs, gsghs sbzbbs, gsgs svvsv, gshhs dbdhh, gshs zhhs, jitender sukla, mahir customer, milind pgar, narendra customer, narendra kolo, naru kolo, raj ahaj, rajesh Sharma, sachin chine, sachin test1, sadas sdsa, sdsa ssa, sneha khan, vsbs sbsb, xczxc sdzsa, yug hjhj]
]]></system-out>
  </testcase>
</testsuite>