<?xml version="1.0" encoding="UTF-8"?>
<!-- Generated by org.testng.reporters.JUnitXMLReporter -->
<testsuite ignored="2" hostname="LDPL-MAC-V7YHH6Y6L7.local" failures="1" tests="3" name="Test 1" time="112.399" errors="0" timestamp="2025-02-24T17:19:03 IST">
  <testcase classname="test.Verify_Login_Scenarios" name="verify_login" time="0.002"/>
  <testcase classname="test.Verify_Login_Scenarios" name="verify_logout" time="3.585"/>
  <testcase classname="test.Verify_Collaction_Dashboard_Scenarios" name="verify_collection_dashboard_scenarioss" time="49.924">
    <failure type="java.lang.AssertionError" message="Customer names are not in alphabetical order: Lists differ at element [0]: Abdul Rahman != Milind pagare expected [Abdul Rahman] but found [Milind pagare]">
      <![CDATA[java.lang.AssertionError: Customer names are not in alphabetical order: Lists differ at element [0]: Abdul Rahman != Milind pagare expected [Abdul Rahman] but found [Milind pagare]
at pom.CollectionDashboard.handle_customer_name_dropdown_list(CollectionDashboard.java:87)
at test.Verify_Collaction_Dashboard_Scenarios.verify_collection_dashboard_scenarioss(Verify_Collaction_Dashboard_Scenarios.java:11)
at java.base/java.util.ArrayList.forEach(ArrayList.java:1511)
... Removed 35 stack frames]]>
    </failure>
  </testcase> <!-- verify_collection_dashboard_scenarioss -->
  <testcase classname="BaseClass.BaseClass" name="@AfterSuite tearDownExtentReport" time="0.0">
    <ignored/>
  </testcase> <!-- @AfterSuite tearDownExtentReport -->
  <testcase classname="BaseClass.BaseClass" name="@BeforeSuite setupExtentReport" time="0.0">
    <ignored/>
  </testcase> <!-- @BeforeSuite setupExtentReport -->
</testsuite> <!-- Test 1 -->
